<?xml version="1.0" encoding="UTF-8"?>
<robot generator="Robot 6.1.1 (Python 3.11.3 on win32)" generated="20230902 14:26:51.579" rpa="false" schemaversion="4">
<suite id="s1" name="Test Suite Registration Functionality" source="D:\files\Nopcommerce\NopCommerce_automation\TestSuits\test_suite_registration_functionality.robot">
<kw name="Open Chrome Browser" library="resource_browsers" type="SETUP">
<kw name="Open Browser" library="SeleniumLibrary">
<arg>${url}</arg>
<arg>${browser}[0]</arg>
<doc>Opens a new browser instance to the optional ``url``.</doc>
<msg timestamp="20230902 14:26:51.798" level="INFO">Opening browser 'chrome' to base url 'https://demo.nopcommerce.com/'.</msg>
<status status="PASS" starttime="20230902 14:26:51.797" endtime="20230902 14:26:54.789"/>
</kw>
<kw name="Maximize Browser Window" library="SeleniumLibrary">
<doc>Maximizes current browser window.</doc>
<status status="PASS" starttime="20230902 14:26:54.789" endtime="20230902 14:26:54.913"/>
</kw>
<kw name="Set Selenium Implicit Wait" library="SeleniumLibrary">
<arg>5</arg>
<doc>Sets the implicit wait value used by Selenium.</doc>
<status status="PASS" starttime="20230902 14:26:54.913" endtime="20230902 14:26:54.914"/>
</kw>
<status status="PASS" starttime="20230902 14:26:51.797" endtime="20230902 14:26:54.914"/>
</kw>
<test id="s1-t1" name="TC 001" line="11">
<kw name="Validate Registering an Account by providing only the mandatory fields">
<kw name="Click on 'Register' link" library="resource_registration_functionality">
<doc>User can click on Registration link which is located on header part of home page
After clicking on Registration page will open.</doc>
<kw name="Click Element" library="SeleniumLibrary">
<arg>${link_registration}</arg>
<doc>Click the element identified by ``locator``.</doc>
<msg timestamp="20230902 14:26:54.917" level="INFO">Clicking element '//a[normalize-space()='Register']'.</msg>
<status status="PASS" starttime="20230902 14:26:54.916" endtime="20230902 14:26:56.454"/>
</kw>
<status status="PASS" starttime="20230902 14:26:54.915" endtime="20230902 14:26:56.455"/>
</kw>
<status status="PASS" starttime="20230902 14:26:54.915" endtime="20230902 14:26:56.455"/>
</kw>
<tag>Smoke testing</tag>
<status status="PASS" starttime="20230902 14:26:54.914" endtime="20230902 14:26:56.459"/>
</test>
<kw name="Close My Browser" library="resource_browsers" type="TEARDOWN">
<kw name="Close Browser" library="SeleniumLibrary">
<doc>Closes the current browser.</doc>
<status status="PASS" starttime="20230902 14:26:56.465" endtime="20230902 14:26:58.678"/>
</kw>
<status status="PASS" starttime="20230902 14:26:56.464" endtime="20230902 14:26:58.678"/>
</kw>
<doc>This is Test suite file to execute test cases.</doc>
<status status="PASS" starttime="20230902 14:26:51.581" endtime="20230902 14:26:58.678"/>
</suite>
<statistics>
<total>
<stat pass="1" fail="0" skip="0">All Tests</stat>
</total>
<tag>
<stat pass="1" fail="0" skip="0">Smoke testing</stat>
</tag>
<suite>
<stat pass="1" fail="0" skip="0" id="s1" name="Test Suite Registration Functionality">Test Suite Registration Functionality</stat>
</suite>
</statistics>
<errors>
</errors>
</robot>
