<?xml version="1.0" encoding="UTF-8"?>
<robot generator="Robot 6.1.1 (Python 3.11.3 on win32)" generated="20230904 02:13:02.382" rpa="false" schemaversion="4">
<suite id="s1" name="Test Suite Registration Functionality" source="D:\files\Nopcommerce\NopCommerce_automation\TestSuits\test_suite_registration_functionality.robot">
<kw name="Open Chrome Browser" library="resource_browsers" type="SETUP">
<kw name="Open Browser" library="SeleniumLibrary">
<arg>${url}</arg>
<arg>${browser}[0]</arg>
<doc>Opens a new browser instance to the optional ``url``.</doc>
<msg timestamp="20230904 02:13:02.662" level="INFO">Opening browser 'chrome' to base url 'https://demo.nopcommerce.com/'.</msg>
<status status="PASS" starttime="20230904 02:13:02.662" endtime="20230904 02:13:06.408"/>
</kw>
<kw name="Maximize Browser Window" library="SeleniumLibrary">
<doc>Maximizes current browser window.</doc>
<status status="PASS" starttime="20230904 02:13:06.408" endtime="20230904 02:13:06.570"/>
</kw>
<kw name="Set Selenium Implicit Wait" library="SeleniumLibrary">
<arg>5s</arg>
<doc>Sets the implicit wait value used by Selenium.</doc>
<status status="PASS" starttime="20230904 02:13:06.570" endtime="20230904 02:13:06.572"/>
</kw>
<kw name="Set Selenium Speed" library="SeleniumLibrary">
<arg>1s</arg>
<doc>Sets the delay that is waited after each Selenium command.</doc>
<status status="PASS" starttime="20230904 02:13:06.573" endtime="20230904 02:13:06.573"/>
</kw>
<status status="PASS" starttime="20230904 02:13:02.662" endtime="20230904 02:13:06.573"/>
</kw>
<test id="s1-t1" name="TC 010" line="66">
<kw name="Validate all the mandatory fields in the Register Account page are marked with red color * symbol">
<kw name="Varify Mandatory Fields Marked with Red Asterisk" library="resource_registration_functionality">
<doc>Verify all mandatory field are marked with red coloured asterisk symbol it means
user should fill this field compasory to register new user.</doc>
<kw name="Click on 'Register' link" library="resource_registration_functionality">
<doc>User can click on Registration link which is located on header part of home page
After clicking on Registration page will open.</doc>
<kw name="Click Element" library="SeleniumLibrary">
<arg>${link_registration}</arg>
<doc>Click the element identified by ``locator``.</doc>
<msg timestamp="20230904 02:13:06.583" level="INFO">Clicking element '//a[normalize-space()='Register']'.</msg>
<status status="PASS" starttime="20230904 02:13:06.583" endtime="20230904 02:13:09.978"/>
</kw>
<status status="PASS" starttime="20230904 02:13:06.581" endtime="20230904 02:13:09.978"/>
</kw>
<kw name="Get WebElements" library="SeleniumLibrary">
<var>@{mandatory_fields}</var>
<arg>${red_asterisk}</arg>
<doc>Returns a list of WebElement objects matching the ``locator``.</doc>
<msg timestamp="20230904 02:13:11.003" level="INFO">@{mandatory_fields} = [ &lt;selenium.webdriver.remote.webelement.WebElement (session="e069361f1c57e1086931a4b11560fc5f", element="349F5C959114A368976992F5A5C9D2E5_element_59")&gt; | &lt;selenium.webdriver.remote.webelement.WebEleme...</msg>
<status status="PASS" starttime="20230904 02:13:09.978" endtime="20230904 02:13:11.003"/>
</kw>
<for flavor="IN">
<var>${element}</var>
<value>@{mandatory_fields}</value>
<iter>
<var name="${element}">&lt;selenium.webdriver.remote.webelement.WebElement (session="e069361f1c57e1086931a4b11560fc5f", element="349F5C959114A368976992F5A5C9D2E5_element_59")&gt;</var>
<kw name="Get Element Attribute" library="SeleniumLibrary">
<var>${txt_color}</var>
<arg>${element}</arg>
<arg>style</arg>
<doc>Returns the value of ``attribute`` from the element ``locator``.</doc>
<msg timestamp="20230904 02:13:12.028" level="INFO">${txt_color} = </msg>
<status status="PASS" starttime="20230904 02:13:11.003" endtime="20230904 02:13:12.028"/>
</kw>
<kw name="Run Keyword If" library="BuiltIn">
<arg>'${txt_color}'</arg>
<arg>contains</arg>
<arg>'color: red'</arg>
<arg>Log</arg>
<arg>Field is mandatory and marked with red asterisk</arg>
<arg>ELSE</arg>
<arg>Log</arg>
<arg>Field is NOT marked as mandatory with a red asterisk</arg>
<doc>Runs the given keyword with the given arguments, if ``condition`` is true.</doc>
<kw name="Log" library="BuiltIn">
<arg>Field is NOT marked as mandatory with a red asterisk</arg>
<doc>Logs the given message with the given level.</doc>
<msg timestamp="20230904 02:13:12.028" level="INFO">Field is NOT marked as mandatory with a red asterisk</msg>
<status status="PASS" starttime="20230904 02:13:12.028" endtime="20230904 02:13:12.028"/>
</kw>
<status status="PASS" starttime="20230904 02:13:12.028" endtime="20230904 02:13:12.028"/>
</kw>
<status status="PASS" starttime="20230904 02:13:11.003" endtime="20230904 02:13:12.028"/>
</iter>
<iter>
<var name="${element}">&lt;selenium.webdriver.remote.webelement.WebElement (session="e069361f1c57e1086931a4b11560fc5f", element="349F5C959114A368976992F5A5C9D2E5_element_60")&gt;</var>
<kw name="Get Element Attribute" library="SeleniumLibrary">
<var>${txt_color}</var>
<arg>${element}</arg>
<arg>style</arg>
<doc>Returns the value of ``attribute`` from the element ``locator``.</doc>
<msg timestamp="20230904 02:13:13.045" level="INFO">${txt_color} = </msg>
<status status="PASS" starttime="20230904 02:13:12.028" endtime="20230904 02:13:13.045"/>
</kw>
<kw name="Run Keyword If" library="BuiltIn">
<arg>'${txt_color}'</arg>
<arg>contains</arg>
<arg>'color: red'</arg>
<arg>Log</arg>
<arg>Field is mandatory and marked with red asterisk</arg>
<arg>ELSE</arg>
<arg>Log</arg>
<arg>Field is NOT marked as mandatory with a red asterisk</arg>
<doc>Runs the given keyword with the given arguments, if ``condition`` is true.</doc>
<kw name="Log" library="BuiltIn">
<arg>Field is NOT marked as mandatory with a red asterisk</arg>
<doc>Logs the given message with the given level.</doc>
<msg timestamp="20230904 02:13:13.045" level="INFO">Field is NOT marked as mandatory with a red asterisk</msg>
<status status="PASS" starttime="20230904 02:13:13.045" endtime="20230904 02:13:13.045"/>
</kw>
<status status="PASS" starttime="20230904 02:13:13.045" endtime="20230904 02:13:13.045"/>
</kw>
<status status="PASS" starttime="20230904 02:13:12.028" endtime="20230904 02:13:13.045"/>
</iter>
<iter>
<var name="${element}">&lt;selenium.webdriver.remote.webelement.WebElement (session="e069361f1c57e1086931a4b11560fc5f", element="349F5C959114A368976992F5A5C9D2E5_element_61")&gt;</var>
<kw name="Get Element Attribute" library="SeleniumLibrary">
<var>${txt_color}</var>
<arg>${element}</arg>
<arg>style</arg>
<doc>Returns the value of ``attribute`` from the element ``locator``.</doc>
<msg timestamp="20230904 02:13:14.057" level="INFO">${txt_color} = </msg>
<status status="PASS" starttime="20230904 02:13:13.045" endtime="20230904 02:13:14.057"/>
</kw>
<kw name="Run Keyword If" library="BuiltIn">
<arg>'${txt_color}'</arg>
<arg>contains</arg>
<arg>'color: red'</arg>
<arg>Log</arg>
<arg>Field is mandatory and marked with red asterisk</arg>
<arg>ELSE</arg>
<arg>Log</arg>
<arg>Field is NOT marked as mandatory with a red asterisk</arg>
<doc>Runs the given keyword with the given arguments, if ``condition`` is true.</doc>
<kw name="Log" library="BuiltIn">
<arg>Field is NOT marked as mandatory with a red asterisk</arg>
<doc>Logs the given message with the given level.</doc>
<msg timestamp="20230904 02:13:14.057" level="INFO">Field is NOT marked as mandatory with a red asterisk</msg>
<status status="PASS" starttime="20230904 02:13:14.057" endtime="20230904 02:13:14.057"/>
</kw>
<status status="PASS" starttime="20230904 02:13:14.057" endtime="20230904 02:13:14.057"/>
</kw>
<status status="PASS" starttime="20230904 02:13:13.045" endtime="20230904 02:13:14.057"/>
</iter>
<iter>
<var name="${element}">&lt;selenium.webdriver.remote.webelement.WebElement (session="e069361f1c57e1086931a4b11560fc5f", element="349F5C959114A368976992F5A5C9D2E5_element_62")&gt;</var>
<kw name="Get Element Attribute" library="SeleniumLibrary">
<var>${txt_color}</var>
<arg>${element}</arg>
<arg>style</arg>
<doc>Returns the value of ``attribute`` from the element ``locator``.</doc>
<msg timestamp="20230904 02:13:15.070" level="INFO">${txt_color} = </msg>
<status status="PASS" starttime="20230904 02:13:14.057" endtime="20230904 02:13:15.070"/>
</kw>
<kw name="Run Keyword If" library="BuiltIn">
<arg>'${txt_color}'</arg>
<arg>contains</arg>
<arg>'color: red'</arg>
<arg>Log</arg>
<arg>Field is mandatory and marked with red asterisk</arg>
<arg>ELSE</arg>
<arg>Log</arg>
<arg>Field is NOT marked as mandatory with a red asterisk</arg>
<doc>Runs the given keyword with the given arguments, if ``condition`` is true.</doc>
<kw name="Log" library="BuiltIn">
<arg>Field is NOT marked as mandatory with a red asterisk</arg>
<doc>Logs the given message with the given level.</doc>
<msg timestamp="20230904 02:13:15.070" level="INFO">Field is NOT marked as mandatory with a red asterisk</msg>
<status status="PASS" starttime="20230904 02:13:15.070" endtime="20230904 02:13:15.070"/>
</kw>
<status status="PASS" starttime="20230904 02:13:15.070" endtime="20230904 02:13:15.070"/>
</kw>
<status status="PASS" starttime="20230904 02:13:14.057" endtime="20230904 02:13:15.070"/>
</iter>
<iter>
<var name="${element}">&lt;selenium.webdriver.remote.webelement.WebElement (session="e069361f1c57e1086931a4b11560fc5f", element="349F5C959114A368976992F5A5C9D2E5_element_63")&gt;</var>
<kw name="Get Element Attribute" library="SeleniumLibrary">
<var>${txt_color}</var>
<arg>${element}</arg>
<arg>style</arg>
<doc>Returns the value of ``attribute`` from the element ``locator``.</doc>
<msg timestamp="20230904 02:13:16.083" level="INFO">${txt_color} = </msg>
<status status="PASS" starttime="20230904 02:13:15.070" endtime="20230904 02:13:16.083"/>
</kw>
<kw name="Run Keyword If" library="BuiltIn">
<arg>'${txt_color}'</arg>
<arg>contains</arg>
<arg>'color: red'</arg>
<arg>Log</arg>
<arg>Field is mandatory and marked with red asterisk</arg>
<arg>ELSE</arg>
<arg>Log</arg>
<arg>Field is NOT marked as mandatory with a red asterisk</arg>
<doc>Runs the given keyword with the given arguments, if ``condition`` is true.</doc>
<kw name="Log" library="BuiltIn">
<arg>Field is NOT marked as mandatory with a red asterisk</arg>
<doc>Logs the given message with the given level.</doc>
<msg timestamp="20230904 02:13:16.083" level="INFO">Field is NOT marked as mandatory with a red asterisk</msg>
<status status="PASS" starttime="20230904 02:13:16.083" endtime="20230904 02:13:16.083"/>
</kw>
<status status="PASS" starttime="20230904 02:13:16.083" endtime="20230904 02:13:16.083"/>
</kw>
<status status="PASS" starttime="20230904 02:13:15.070" endtime="20230904 02:13:16.083"/>
</iter>
<status status="PASS" starttime="20230904 02:13:11.003" endtime="20230904 02:13:16.083"/>
</for>
<status status="PASS" starttime="20230904 02:13:06.578" endtime="20230904 02:13:16.083"/>
</kw>
<status status="PASS" starttime="20230904 02:13:06.576" endtime="20230904 02:13:16.083"/>
</kw>
<doc>Validate all the mandatory fields in the Register Account page are marked with
red color *(Asterisk) symbol</doc>
<tag>Sanity testing</tag>
<status status="PASS" starttime="20230904 02:13:06.573" endtime="20230904 02:13:16.083"/>
</test>
<kw name="Close My Browser" library="resource_browsers" type="TEARDOWN">
<kw name="Close Browser" library="SeleniumLibrary">
<doc>Closes the current browser.</doc>
<status status="PASS" starttime="20230904 02:13:16.083" endtime="20230904 02:13:19.195"/>
</kw>
<status status="PASS" starttime="20230904 02:13:16.083" endtime="20230904 02:13:19.195"/>
</kw>
<doc>This is Test suite file to execute test cases for Registration Functionality</doc>
<status status="PASS" starttime="20230904 02:13:02.382" endtime="20230904 02:13:19.196"/>
</suite>
<statistics>
<total>
<stat pass="1" fail="0" skip="0">All Tests</stat>
</total>
<tag>
<stat pass="1" fail="0" skip="0">Sanity testing</stat>
</tag>
<suite>
<stat pass="1" fail="0" skip="0" id="s1" name="Test Suite Registration Functionality">Test Suite Registration Functionality</stat>
</suite>
</statistics>
<errors>
</errors>
</robot>
