<?xml version="1.0" encoding="UTF-8"?>
<robot generator="Robot 6.1.1 (Python 3.11.3 on win32)" generated="20230908 01:33:46.669" rpa="false" schemaversion="4">
<suite id="s1" name="Test Suite Registration Functionality" source="D:\files\Nopcommerce\NopCommerce_automation\TestSuits\test_suite_registration_functionality.robot">
<kw name="Open Chrome Browser" library="resource_browsers" type="SETUP">
<kw name="Open Browser" library="SeleniumLibrary">
<arg>${url}</arg>
<arg>${browser}[0]</arg>
<doc>Opens a new browser instance to the optional ``url``.</doc>
<msg timestamp="20230908 01:33:46.901" level="INFO">Opening browser 'chrome' to base url 'https://demo.nopcommerce.com/'.</msg>
<status status="PASS" starttime="20230908 01:33:46.901" endtime="20230908 01:33:50.242"/>
</kw>
<kw name="Maximize Browser Window" library="SeleniumLibrary">
<doc>Maximizes current browser window.</doc>
<status status="PASS" starttime="20230908 01:33:50.242" endtime="20230908 01:33:50.370"/>
</kw>
<kw name="Set Selenium Implicit Wait" library="SeleniumLibrary">
<arg>5s</arg>
<doc>Sets the implicit wait value used by Selenium.</doc>
<status status="PASS" starttime="20230908 01:33:50.373" endtime="20230908 01:33:50.378"/>
</kw>
<kw name="Set Selenium Speed" library="SeleniumLibrary">
<arg>1s</arg>
<doc>Sets the delay that is waited after each Selenium command.</doc>
<status status="PASS" starttime="20230908 01:33:50.379" endtime="20230908 01:33:50.379"/>
</kw>
<status status="PASS" starttime="20230908 01:33:46.901" endtime="20230908 01:33:50.379"/>
</kw>
<test id="s1-t1" name="TC 018" line="111">
<kw name="Validate Register Account from My Account link on Footer">
<kw name="Click on My Account link" library="resource_registration_functionality">
<arg>Register</arg>
<doc>Clicking my account link available in footer part of home page</doc>
<kw name="Element Should Be Visible" library="SeleniumLibrary">
<arg>${link_my_account}</arg>
<doc>Verifies that the element identified by ``locator`` is visible.</doc>
<msg timestamp="20230908 01:33:52.432" level="INFO">Element '//a[normalize-space()='My account']' is displayed.</msg>
<status status="PASS" starttime="20230908 01:33:50.384" endtime="20230908 01:33:52.432"/>
</kw>
<kw name="Click Element" library="SeleniumLibrary">
<arg>${link_my_account}</arg>
<doc>Click the element identified by ``locator``.</doc>
<msg timestamp="20230908 01:33:52.432" level="INFO">Clicking element '//a[normalize-space()='My account']'.</msg>
<status status="PASS" starttime="20230908 01:33:52.432" endtime="20230908 01:33:56.093"/>
</kw>
<kw name="Element Should Be Visible" library="SeleniumLibrary">
<arg>${btn_register_on_login}</arg>
<doc>Verifies that the element identified by ``locator`` is visible.</doc>
<msg timestamp="20230908 01:33:58.127" level="INFO">Element '//button[normalize-space()='Register']' is displayed.</msg>
<status status="PASS" starttime="20230908 01:33:56.093" endtime="20230908 01:33:58.127"/>
</kw>
<kw name="Click Element" library="SeleniumLibrary">
<arg>${btn_register_on_login}</arg>
<doc>Click the element identified by ``locator``.</doc>
<msg timestamp="20230908 01:33:58.127" level="INFO">Clicking element '//button[normalize-space()='Register']'.</msg>
<status status="PASS" starttime="20230908 01:33:58.127" endtime="20230908 01:34:00.592"/>
</kw>
<kw name="Page Should Contain" library="SeleniumLibrary">
<arg>${register_txt}</arg>
<doc>Verifies that current page contains ``text``.</doc>
<msg timestamp="20230908 01:34:02.615" level="INFO">Current page contains text 'Register'.</msg>
<status status="PASS" starttime="20230908 01:34:00.592" endtime="20230908 01:34:02.615"/>
</kw>
<status status="PASS" starttime="20230908 01:33:50.383" endtime="20230908 01:34:02.615"/>
</kw>
<status status="PASS" starttime="20230908 01:33:50.383" endtime="20230908 01:34:02.615"/>
</kw>
<doc>Valide 'Register Account' functionality from My Account link at footer.</doc>
<tag>Sanity testing</tag>
<status status="PASS" starttime="20230908 01:33:50.379" endtime="20230908 01:34:02.615"/>
</test>
<kw name="Close My Browser" library="resource_browsers" type="TEARDOWN">
<kw name="Close Browser" library="SeleniumLibrary">
<doc>Closes the current browser.</doc>
<status status="PASS" starttime="20230908 01:34:02.615" endtime="20230908 01:34:05.746"/>
</kw>
<status status="PASS" starttime="20230908 01:34:02.615" endtime="20230908 01:34:05.746"/>
</kw>
<doc>This is Test suite file to execute test cases for Registration Functionality</doc>
<status status="PASS" starttime="20230908 01:33:46.685" endtime="20230908 01:34:05.746"/>
</suite>
<statistics>
<total>
<stat pass="1" fail="0" skip="0">All Tests</stat>
</total>
<tag>
<stat pass="1" fail="0" skip="0">Sanity testing</stat>
</tag>
<suite>
<stat pass="1" fail="0" skip="0" id="s1" name="Test Suite Registration Functionality">Test Suite Registration Functionality</stat>
</suite>
</statistics>
<errors>
</errors>
</robot>
